<?xml version="1.0" encoding="UTF-8"?>
<!-- Generated by org.testng.reporters.JUnitReportReporter -->
<testsuite hostname="Vandit" failures="0" tests="1" name="com.testcases.TC01" time="7.518" errors="0" timestamp="2022-06-20T15:11:58 IST" skipped="0">
  <testcase classname="com.testcases.TC01" name="test_1" time="7.518"/>
  <system-out/>
</testsuite> <!-- com.testcases.TC01 -->
